<?xml version="1.0" encoding="UTF-8"?>
<!-- Generated by org.testng.reporters.JUnitReportReporter -->
<testsuite hostname="DESKTOP-2GSNRQQ" failures="0" tests="17" name="tC_Roll_Master.TC_Roll_Master" time="150.578" errors="1" timestamp="2022-12-13T22:02:27 IST" skipped="0">
  <testcase classname="tC_Roll_Master.TC_Roll_Master" name="TC_44" time="9.572"/>
  <system-out/>
  <testcase classname="tC_Roll_Master.TC_Roll_Master" name="TC_24" time="7.050"/>
  <system-out/>
  <testcase classname="tC_Roll_Master.TC_Roll_Master" name="TC_51_52_53" time="13.887"/>
  <system-out/>
  <testcase classname="tC_Roll_Master.TC_Roll_Master" name="TC_01_02_03" time="7.082"/>
  <system-out/>
  <testcase classname="tC_Roll_Master.TC_Roll_Master" name="TC_23_25" time="7.189"/>
  <system-out/>
  <testcase classname="tC_Roll_Master.TC_Roll_Master" name="TC_43" time="13.461"/>
  <system-out/>
  <testcase classname="tC_Roll_Master.TC_Roll_Master" name="TC_55_56" time="10.079">
    <error message="stale element reference: element is not attached to the page document
  (Session info: chrome=108.0.5359.99)
For documentation on this error, please visit: https://selenium.dev/exceptions/#stale_element_reference
Build info: version: &#039;4.1.3&#039;, revision: &#039;7b1ebf28ef&#039;
System info: host: &#039;DESKTOP-2GSNRQQ&#039;, ip: &#039;192.168.65.9&#039;, os.name: &#039;Windows 10&#039;, os.arch: &#039;amd64&#039;, os.version: &#039;10.0&#039;, java.version: &#039;17.0.1&#039;
Driver info: org.openqa.selenium.chrome.ChromeDriver
Command: [6034d1bb17f01e408dff35fd10532002, getElementTagName {id=f9f9b9b7-45b7-4716-9871-cc32562275d9}]
Capabilities {acceptInsecureCerts: false, browserName: chrome, browserVersion: 108.0.5359.99, chrome: {chromedriverVersion: 108.0.5359.71 (1e0e3868ee06..., userDataDir: C:\Users\User\AppData\Local...}, goog:chromeOptions: {debuggerAddress: localhost:53835}, javascriptEnabled: true, networkConnectionEnabled: false, pageLoadStrategy: normal, platform: WINDOWS, platformName: WINDOWS, proxy: Proxy(), se:cdp: ws://localhost:53835/devtoo..., se:cdpVersion: 108.0.5359.99, setWindowRect: true, strictFileInteractability: false, timeouts: {implicit: 0, pageLoad: 300000, script: 30000}, unhandledPromptBehavior: dismiss and notify, webauthn:extension:credBlob: true, webauthn:extension:largeBlob: true, webauthn:virtualAuthenticators: true}
Element: [[ChromeDriver: chrome on WINDOWS (6034d1bb17f01e408dff35fd10532002)] -&gt; xpath: //select[@id=&quot;inputDataSource&quot;]]
Session ID: 6034d1bb17f01e408dff35fd10532002" type="org.openqa.selenium.StaleElementReferenceException">
      <![CDATA[org.openqa.selenium.StaleElementReferenceException: stale element reference: element is not attached to the page document
  (Session info: chrome=108.0.5359.99)
For documentation on this error, please visit: https://selenium.dev/exceptions/#stale_element_reference
Build info: version: '4.1.3', revision: '7b1ebf28ef'
System info: host: 'DESKTOP-2GSNRQQ', ip: '192.168.65.9', os.name: 'Windows 10', os.arch: 'amd64', os.version: '10.0', java.version: '17.0.1'
Driver info: org.openqa.selenium.chrome.ChromeDriver
Command: [6034d1bb17f01e408dff35fd10532002, getElementTagName {id=f9f9b9b7-45b7-4716-9871-cc32562275d9}]
Capabilities {acceptInsecureCerts: false, browserName: chrome, browserVersion: 108.0.5359.99, chrome: {chromedriverVersion: 108.0.5359.71 (1e0e3868ee06..., userDataDir: C:\Users\User\AppData\Local...}, goog:chromeOptions: {debuggerAddress: localhost:53835}, javascriptEnabled: true, networkConnectionEnabled: false, pageLoadStrategy: normal, platform: WINDOWS, platformName: WINDOWS, proxy: Proxy(), se:cdp: ws://localhost:53835/devtoo..., se:cdpVersion: 108.0.5359.99, setWindowRect: true, strictFileInteractability: false, timeouts: {implicit: 0, pageLoad: 300000, script: 30000}, unhandledPromptBehavior: dismiss and notify, webauthn:extension:credBlob: true, webauthn:extension:largeBlob: true, webauthn:virtualAuthenticators: true}
Element: [[ChromeDriver: chrome on WINDOWS (6034d1bb17f01e408dff35fd10532002)] -> xpath: //select[@id="inputDataSource"]]
Session ID: 6034d1bb17f01e408dff35fd10532002
at java.base/jdk.internal.reflect.NativeConstructorAccessorImpl.newInstance0(Native Method)
at java.base/jdk.internal.reflect.NativeConstructorAccessorImpl.newInstance(NativeConstructorAccessorImpl.java:77)
at java.base/jdk.internal.reflect.DelegatingConstructorAccessorImpl.newInstance(DelegatingConstructorAccessorImpl.java:45)
at java.base/java.lang.reflect.Constructor.newInstanceWithCaller(Constructor.java:499)
at java.base/java.lang.reflect.Constructor.newInstance(Constructor.java:480)
at org.openqa.selenium.remote.codec.w3c.W3CHttpResponseCodec.createException(W3CHttpResponseCodec.java:200)
at org.openqa.selenium.remote.codec.w3c.W3CHttpResponseCodec.decode(W3CHttpResponseCodec.java:133)
at org.openqa.selenium.remote.codec.w3c.W3CHttpResponseCodec.decode(W3CHttpResponseCodec.java:53)
at org.openqa.selenium.remote.HttpCommandExecutor.execute(HttpCommandExecutor.java:184)
at org.openqa.selenium.remote.service.DriverCommandExecutor.invokeExecute(DriverCommandExecutor.java:167)
at org.openqa.selenium.remote.service.DriverCommandExecutor.execute(DriverCommandExecutor.java:142)
at org.openqa.selenium.remote.RemoteWebDriver.execute(RemoteWebDriver.java:567)
at org.openqa.selenium.remote.RemoteWebElement.execute(RemoteWebElement.java:251)
at org.openqa.selenium.remote.RemoteWebElement.getTagName(RemoteWebElement.java:131)
at org.openqa.selenium.support.ui.Select.<init>(Select.java:46)
at tC_Roll_Master.TC_Roll_Master.TC_55_56(TC_Roll_Master.java:258)
at java.base/jdk.internal.reflect.NativeMethodAccessorImpl.invoke0(Native Method)
at java.base/jdk.internal.reflect.NativeMethodAccessorImpl.invoke(NativeMethodAccessorImpl.java:77)
at java.base/jdk.internal.reflect.DelegatingMethodAccessorImpl.invoke(DelegatingMethodAccessorImpl.java:43)
at java.base/java.lang.reflect.Method.invoke(Method.java:568)
at org.testng.internal.MethodInvocationHelper.invokeMethod(MethodInvocationHelper.java:133)
at org.testng.internal.TestInvoker.invokeMethod(TestInvoker.java:598)
at org.testng.internal.TestInvoker.invokeTestMethod(TestInvoker.java:173)
at org.testng.internal.MethodRunner.runInSequence(MethodRunner.java:46)
at org.testng.internal.TestInvoker$MethodInvocationAgent.invoke(TestInvoker.java:824)
at org.testng.internal.TestInvoker.invokeTestMethods(TestInvoker.java:146)
at org.testng.internal.TestMethodWorker.invokeTestMethods(TestMethodWorker.java:146)
at org.testng.internal.TestMethodWorker.run(TestMethodWorker.java:128)
at java.base/java.util.ArrayList.forEach(ArrayList.java:1511)
at org.testng.TestRunner.privateRun(TestRunner.java:794)
at org.testng.TestRunner.run(TestRunner.java:596)
at org.testng.SuiteRunner.runTest(SuiteRunner.java:377)
at org.testng.SuiteRunner.runSequentially(SuiteRunner.java:371)
at org.testng.SuiteRunner.privateRun(SuiteRunner.java:332)
at org.testng.SuiteRunner.run(SuiteRunner.java:276)
at org.testng.SuiteRunnerWorker.runSuite(SuiteRunnerWorker.java:53)
at org.testng.SuiteRunnerWorker.run(SuiteRunnerWorker.java:96)
at org.testng.TestNG.runSuitesSequentially(TestNG.java:1212)
at org.testng.TestNG.runSuitesLocally(TestNG.java:1134)
at org.testng.TestNG.runSuites(TestNG.java:1063)
at org.testng.TestNG.run(TestNG.java:1031)
at org.testng.remote.AbstractRemoteTestNG.run(AbstractRemoteTestNG.java:115)
at org.testng.remote.RemoteTestNG.initAndRun(RemoteTestNG.java:251)
at org.testng.remote.RemoteTestNG.main(RemoteTestNG.java:77)
]]>
    </error>
  </testcase> <!-- TC_55_56 -->
  <system-out/>
  <testcase classname="tC_Roll_Master.TC_Roll_Master" name="TC_45" time="10.747"/>
  <system-out/>
  <testcase classname="tC_Roll_Master.TC_Roll_Master" name="TC_13" time="7.038"/>
  <system-out/>
  <testcase classname="tC_Roll_Master.TC_Roll_Master" name="TC_04_05_06" time="7.381"/>
  <system-out/>
  <testcase classname="tC_Roll_Master.TC_Roll_Master" name="TC_27" time="6.585"/>
  <system-out/>
  <testcase classname="tC_Roll_Master.TC_Roll_Master" name="TC_07" time="7.239"/>
  <system-out/>
  <testcase classname="tC_Roll_Master.TC_Roll_Master" name="TC_08_09_10" time="6.676"/>
  <system-out/>
  <testcase classname="tC_Roll_Master.TC_Roll_Master" name="TC_11" time="7.308"/>
  <system-out/>
  <testcase classname="tC_Roll_Master.TC_Roll_Master" name="TC_20" time="10.371"/>
  <system-out/>
  <testcase classname="tC_Roll_Master.TC_Roll_Master" name="TC_21" time="11.425"/>
  <system-out/>
  <testcase classname="tC_Roll_Master.TC_Roll_Master" name="TC_15_16_17" time="7.488"/>
  <system-out/>
</testsuite> <!-- tC_Roll_Master.TC_Roll_Master -->
